This is cutadapt 1.16 with Python 2.7.12
Command line parameters: -g ^AGACTC -g ^CATGAG -e 0 --overlap 6 --minimum-length 30 --discard-trimmed -o barcodes/B_SCBLESS_C1_3_PR_3_S1_L001_R1_D4VBN_none_30.fastq.gz -p barcodes/B_SCBLESS_C1_3_PR_3_S1_L001_R2_D4VBN_none_30.fastq.gz data/B_SCBLESS_C1_3_PR_3_S1_L001_R1_D4VBN.fastq.gz data/B_SCBLESS_C1_3_PR_3_S1_L001_R2_D4VBN.fastq.gz
Running on 1 core
Trimming 2 adapters with at most 0.0% errors in paired-end legacy mode ...
Finished in 7.82 s (22 us/read; 2.69 M reads/minute).

=== Summary ===

Total read pairs processed:            350,588
  Read 1 with adapter:                 291,008 (83.0%)
  Read 2 with adapter:                       0 (0.0%)
Pairs that were too short:                   0 (0.0%)
Pairs written (passing filters):        59,580 (17.0%)

Total basepairs processed:    70,818,776 bp
  Read 1:    35,409,388 bp
  Read 2:    35,409,388 bp
Total written (filtered):     12,035,160 bp (17.0%)
  Read 1:     6,017,580 bp
  Read 2:     6,017,580 bp

=== First read: Adapter 1 ===

Sequence: AGACTC; Type: anchored 5'; Length: 6; Trimmed: 95722 times.

No. of allowed errors:
0-6 bp: 0

Overview of removed sequences
length	count	expect	max.err	error counts
6	95722	85.6	0	95722

=== First read: Adapter 2 ===

Sequence: CATGAG; Type: anchored 5'; Length: 6; Trimmed: 195286 times.

No. of allowed errors:
0-6 bp: 0

Overview of removed sequences
length	count	expect	max.err	error counts
6	195286	85.6	0	195286

This is cutadapt 1.16 with Python 2.7.12
Command line parameters: -g ^AGACTC -e 0 --overlap 6 --minimum-length 30 --discard-untrimmed -o barcodes/B_SCBLESS_NB_3_RT_S2_L001_R1_D4VBN_AGACTC_30.fastq.gz -p barcodes/B_SCBLESS_NB_3_RT_S2_L001_R2_D4VBN_AGACTC_30.fastq.gz data/B_SCBLESS_NB_3_RT_S2_L001_R1_D4VBN.fastq.gz data/B_SCBLESS_NB_3_RT_S2_L001_R2_D4VBN.fastq.gz
Running on 1 core
Trimming 1 adapter with at most 0.0% errors in paired-end legacy mode ...
Finished in 13.01 s (21 us/read; 2.81 M reads/minute).

=== Summary ===

Total read pairs processed:            609,886
  Read 1 with adapter:                 405,608 (66.5%)
  Read 2 with adapter:                       0 (0.0%)
Pairs that were too short:                   0 (0.0%)
Pairs written (passing filters):       405,608 (66.5%)

Total basepairs processed:   123,196,972 bp
  Read 1:    61,598,486 bp
  Read 2:    61,598,486 bp
Total written (filtered):     79,499,168 bp (64.5%)
  Read 1:    38,532,760 bp
  Read 2:    40,966,408 bp

=== First read: Adapter 1 ===

Sequence: AGACTC; Type: anchored 5'; Length: 6; Trimmed: 405608 times.

No. of allowed errors:
0-6 bp: 0

Overview of removed sequences
length	count	expect	max.err	error counts
6	405608	148.9	0	405608

This is cutadapt 1.16 with Python 2.7.12
Command line parameters: -g ^CATGAG -e 0 --overlap 6 --minimum-length 30 --discard-untrimmed -o barcodes/B_SCBLESS_NB_3_RT_S2_L001_R1_D4VBN_CATGAG_30.fastq.gz -p barcodes/B_SCBLESS_NB_3_RT_S2_L001_R2_D4VBN_CATGAG_30.fastq.gz data/B_SCBLESS_NB_3_RT_S2_L001_R1_D4VBN.fastq.gz data/B_SCBLESS_NB_3_RT_S2_L001_R2_D4VBN.fastq.gz
Running on 1 core
Trimming 1 adapter with at most 0.0% errors in paired-end legacy mode ...
Finished in 9.76 s (16 us/read; 3.75 M reads/minute).

=== Summary ===

Total read pairs processed:            609,886
  Read 1 with adapter:                 161,856 (26.5%)
  Read 2 with adapter:                       0 (0.0%)
Pairs that were too short:                   0 (0.0%)
Pairs written (passing filters):       161,856 (26.5%)

Total basepairs processed:   123,196,972 bp
  Read 1:    61,598,486 bp
  Read 2:    61,598,486 bp
Total written (filtered):     31,723,776 bp (25.8%)
  Read 1:    15,376,320 bp
  Read 2:    16,347,456 bp

=== First read: Adapter 1 ===

Sequence: CATGAG; Type: anchored 5'; Length: 6; Trimmed: 161856 times.

No. of allowed errors:
0-6 bp: 0

Overview of removed sequences
length	count	expect	max.err	error counts
6	161856	148.9	0	161856

This is cutadapt 1.16 with Python 2.7.12
Command line parameters: -g ^AGACTC -g ^CATGAG -e 0 --overlap 6 --minimum-length 30 --discard-trimmed -o barcodes/B_SCBLESS_NB_3_RT_S2_L001_R1_D4VBN_none_30.fastq.gz -p barcodes/B_SCBLESS_NB_3_RT_S2_L001_R2_D4VBN_none_30.fastq.gz data/B_SCBLESS_NB_3_RT_S2_L001_R1_D4VBN.fastq.gz data/B_SCBLESS_NB_3_RT_S2_L001_R2_D4VBN.fastq.gz
Running on 1 core
Trimming 2 adapters with at most 0.0% errors in paired-end legacy mode ...
Finished in 13.83 s (23 us/read; 2.65 M reads/minute).

=== Summary ===

Total read pairs processed:            609,886
  Read 1 with adapter:                 567,464 (93.0%)
  Read 2 with adapter:                       0 (0.0%)
Pairs that were too short:                   0 (0.0%)
Pairs written (passing filters):        42,422 (7.0%)

Total basepairs processed:   123,196,972 bp
  Read 1:    61,598,486 bp
  Read 2:    61,598,486 bp
Total written (filtered):      8,569,244 bp (7.0%)
  Read 1:     4,284,622 bp
  Read 2:     4,284,622 bp

=== First read: Adapter 1 ===

Sequence: AGACTC; Type: anchored 5'; Length: 6; Trimmed: 405608 times.

No. of allowed errors:
0-6 bp: 0

Overview of removed sequences
length	count	expect	max.err	error counts
6	405608	148.9	0	405608

=== First read: Adapter 2 ===

Sequence: CATGAG; Type: anchored 5'; Length: 6; Trimmed: 161856 times.

No. of allowed errors:
0-6 bp: 0

Overview of removed sequences
length	count	expect	max.err	error counts
6	161856	148.9	0	161856

