95722 reads; of these:
  95722 (100.00%) were paired; of these:
    80482 (84.08%) aligned concordantly 0 times
    4068 (4.25%) aligned concordantly exactly 1 time
    11172 (11.67%) aligned concordantly >1 times
    ----
    80482 pairs aligned concordantly 0 times; of these:
      366 (0.45%) aligned discordantly 1 time
    ----
    80116 pairs aligned 0 times concordantly or discordantly; of these:
      160232 mates make up the pairs; of these:
        155348 (96.95%) aligned 0 times
        2095 (1.31%) aligned exactly 1 time
        2789 (1.74%) aligned >1 times
18.85% overall alignment rate
405608 reads; of these:
  405608 (100.00%) were paired; of these:
    183183 (45.16%) aligned concordantly 0 times
    176990 (43.64%) aligned concordantly exactly 1 time
    45435 (11.20%) aligned concordantly >1 times
    ----
    183183 pairs aligned concordantly 0 times; of these:
      27440 (14.98%) aligned discordantly 1 time
    ----
    155743 pairs aligned 0 times concordantly or discordantly; of these:
      311486 mates make up the pairs; of these:
        236675 (75.98%) aligned 0 times
        35663 (11.45%) aligned exactly 1 time
        39148 (12.57%) aligned >1 times
70.82% overall alignment rate
195286 reads; of these:
  195286 (100.00%) were paired; of these:
    194536 (99.62%) aligned concordantly 0 times
    592 (0.30%) aligned concordantly exactly 1 time
    158 (0.08%) aligned concordantly >1 times
    ----
    194536 pairs aligned concordantly 0 times; of these:
      18 (0.01%) aligned discordantly 1 time
    ----
    194518 pairs aligned 0 times concordantly or discordantly; of these:
      389036 mates make up the pairs; of these:
        388512 (99.87%) aligned 0 times
        243 (0.06%) aligned exactly 1 time
        281 (0.07%) aligned >1 times
0.53% overall alignment rate
161856 reads; of these:
  161856 (100.00%) were paired; of these:
    157564 (97.35%) aligned concordantly 0 times
    3415 (2.11%) aligned concordantly exactly 1 time
    877 (0.54%) aligned concordantly >1 times
    ----
    157564 pairs aligned concordantly 0 times; of these:
      207 (0.13%) aligned discordantly 1 time
    ----
    157357 pairs aligned 0 times concordantly or discordantly; of these:
      314714 mates make up the pairs; of these:
        313234 (99.53%) aligned 0 times
        749 (0.24%) aligned exactly 1 time
        731 (0.23%) aligned >1 times
3.24% overall alignment rate
